Current time: 2014-02-24 00:25:36.9454 UTC
ghc-7.4 ["--version"] succeeded with exit code 0
Standard output:
The Glorious Glasgow Haskell Compilation System, version 7.4.2

Standard error:
<empty>

ghc-pkg-7.4 ["--version"] succeeded with exit code 0
Standard output:
GHC package manager version 7.4.2

Standard error:
<empty>

cabal ["--version"] succeeded with exit code 0
Standard output:
cabal-install version 1.18.0.2
using version 1.18.1 of the Cabal library 

Standard error:
<empty>

ghc-7.4 ["--make","-outputdir","/home/massysett/anonymous-sums/sunlight-9097","-o","/home/massysett/anonymous-sums/sunlight-9097/Setup","Setup.hs"] succeeded with exit code 0
Standard output:
[1 of 1] Compiling Main             ( Setup.hs, /home/massysett/anonymous-sums/sunlight-9097/Main.o )
Linking /home/massysett/anonymous-sums/sunlight-9097/Setup ...

Standard error:
<empty>

/home/massysett/anonymous-sums/sunlight-9097/Setup ["sdist","--output-directory=/home/massysett/anonymous-sums/sunlight-9097/distDeps"] succeeded with exit code 0
Standard output:
Building source dist for anonymous-sums-0.3.0.0...
Source directory created:
/home/massysett/anonymous-sums/sunlight-9097/distDeps

Standard error:
Warning: Cannot run preprocessors. Run 'configure' command first.

/home/massysett/anonymous-sums/sunlight-9097/Setup ["sdist","--output-directory=/home/massysett/anonymous-sums/sunlight-9097/distPkg"] succeeded with exit code 0
Standard output:
Building source dist for anonymous-sums-0.3.0.0...
Source directory created: /home/massysett/anonymous-sums/sunlight-9097/distPkg

Standard error:
Warning: Cannot run preprocessors. Run 'configure' command first.

ghc-pkg-7.4 ["init","/home/massysett/anonymous-sums/sunlight-9097/db"] succeeded with exit code 0
Standard output:
<empty>

Standard error:
<empty>

cabal ["install","--verbose=2","--with-compiler=ghc-7.4","--with-hc-pkg=ghc-pkg-7.4","--prefix=/home/massysett/anonymous-sums/sunlight-9097/prefix","--disable-library-profiling","--disable-executable-profiling","--package-db=clear","--package-db=global","--package-db=/home/massysett/anonymous-sums/sunlight-9097/db","--enable-tests","--disable-documentation","--only-dependencies","--constraint=base==4.5.1.0","--constraint=base==4.5.1.0"] succeeded with exit code 0
Standard output:
Reading available packages...
Choosing modular solver.
Resolving dependencies...
All the requested packages are already installed:
Use --reinstall if you want to reinstall anyway.

Standard error:
<empty>

ghc-pkg-7.4 ["list","--global","--package-conf=/home/massysett/anonymous-sums/sunlight-9097/db"] succeeded with exit code 0
Standard output:
/opt/ghc-7.4.2/lib/ghc-7.4.2/package.conf.d:
    Cabal-1.14.0
    array-0.4.0.0
    base-4.5.1.0
    bin-package-db-0.0.0.0
    binary-0.5.1.0
    bytestring-0.9.2.1
    containers-0.4.2.1
    deepseq-1.3.0.0
    directory-1.1.0.2
    extensible-exceptions-0.1.1.4
    filepath-1.3.0.0
    (ghc-7.4.2)
    ghc-prim-0.2.0.0
    (haskell2010-1.1.0.1)
    (haskell98-2.0.0.1)
    hoopl-3.8.7.3
    hpc-0.5.1.1
    integer-gmp-0.4.0.0
    old-locale-1.0.0.4
    old-time-1.1.0.0
    pretty-1.1.1.0
    process-1.1.0.1
    rts-1.0
    template-haskell-2.7.0.0
    time-1.4
    unix-2.5.1.1

/home/massysett/anonymous-sums/sunlight-9097/db:


Standard error:
<empty>

ghc ["--make","Setup.hs"] succeeded with exit code 0
Standard output:
[1 of 1] Compiling Main             ( Setup.hs, Setup.o )
Linking Setup ...

Standard error:
<empty>

./Setup ["configure","--verbose=2","--with-compiler=ghc-7.4","--with-hc-pkg=ghc-pkg-7.4","--prefix=/home/massysett/anonymous-sums/sunlight-9097/prefix","--package-db=clear","--package-db=global","--package-db=/home/massysett/anonymous-sums/sunlight-9097/db","--enable-tests"] succeeded with exit code 0
Standard output:
Configuring anonymous-sums-0.3.0.0...
Flags chosen: build-generator=False
Dependency base >=4.5.1.0 && <5: using base-4.5.1.0
Using Cabal-1.16.0 compiled by ghc-7.6
Using compiler: ghc-7.4.2
Using install prefix: /home/massysett/anonymous-sums/sunlight-9097/prefix
Binaries installed in: /home/massysett/anonymous-sums/sunlight-9097/prefix/bin
Libraries installed in:
/home/massysett/anonymous-sums/sunlight-9097/prefix/lib/anonymous-sums-0.3.0.0/ghc-7.4.2
Private binaries installed in:
/home/massysett/anonymous-sums/sunlight-9097/prefix/libexec
Data files installed in:
/home/massysett/anonymous-sums/sunlight-9097/prefix/share/anonymous-sums-0.3.0.0
Documentation installed in:
/home/massysett/anonymous-sums/sunlight-9097/prefix/share/doc/anonymous-sums-0.3.0.0
Using alex found on system at: /home/massysett/.cabal/bin/alex
Using ar found on system at: /usr/bin/ar
No c2hs found
Using cpphs found on system at: /home/massysett/.cabal/bin/cpphs
No ffihugs found
Using gcc version 4.7 found on system at: /usr/bin/gcc
Using ghc version 7.4.2 given by user at: /usr/local/bin/ghc-7.4
Using ghc-pkg version 7.4.2 given by user at: /usr/local/bin/ghc-pkg-7.4
No greencard found
Using haddock version 2.13.2 found on system at: /usr/local/bin/haddock
Using happy version 1.19.3 found on system at:
/home/massysett/.cabal/bin/happy
No hmake found
No hpc found
No hsc2hs found
Using hscolour version 1.20 found on system at:
/home/massysett/.cabal/bin/HsColour
No hugs found
No jhc found
Using ld found on system at: /usr/bin/ld
No lhc found
No lhc-pkg found
No nhc98 found
Using pkg-config version 0.26 found on system at: /usr/bin/pkg-config
Using ranlib found on system at: /usr/bin/ranlib
Using strip found on system at: /usr/bin/strip
Using tar found on system at: /bin/tar
No uhc found

Standard error:
Warning: cannot determine version of /home/massysett/.cabal/bin/alex :
""
Warning: cannot determine version of /home/massysett/.cabal/bin/cpphs :
""

./Setup ["build","--verbose=2"] FAILED with exit code 1
Standard output:
creating dist/build
creating dist/build/autogen
Building anonymous-sums-0.3.0.0...
Preprocessing library anonymous-sums-0.3.0.0...
Building library...
creating dist/build
/usr/local/bin/ghc-7.4 --make -fbuilding-cabal-package -O -odir dist/build -hidir dist/build -stubdir dist/build -i -idist/build -i. -idist/build/autogen -Idist/build/autogen -Idist/build -optP-include -optPdist/build/autogen/cabal_macros.h -package-name anonymous-sums-0.3.0.0 -hide-all-packages -no-user-package-conf -package-conf /home/massysett/anonymous-sums/sunlight-9097/db -package-conf dist/package.conf.inplace -package-id base-4.5.1.0-6e4c9bdc36eeb9121f27ccbbcb62e3f3 -XHaskell2010 Data.Sums -Wall

Standard error:

Data/Sums.hs:17:8:
    Could not find module `GHC.Generics'
    It is a member of the hidden package `ghc-prim'.
    Perhaps you need to add `ghc-prim' to the build-depends in your .cabal file.
    Use -v to see a list of the files searched for.

./Setup ["install","--verbose=2"] FAILED with exit code 1
Standard output:
directory dist/doc/html/anonymous-sums does exist: False
creating
/home/massysett/anonymous-sums/sunlight-9097/prefix/share/doc/anonymous-sums-0.3.0.0
creating /home/massysett/anonymous-sums/sunlight-9097/prefix/share/doc
creating /home/massysett/anonymous-sums/sunlight-9097/prefix/share
creating /home/massysett/anonymous-sums/sunlight-9097/prefix/share/doc
creating
/home/massysett/anonymous-sums/sunlight-9097/prefix/share/doc/anonymous-sums-0.3.0.0
Installing LICENSE to
/home/massysett/anonymous-sums/sunlight-9097/prefix/share/doc/anonymous-sums-0.3.0.0/LICENSE
Installing library in
/home/massysett/anonymous-sums/sunlight-9097/prefix/lib/anonymous-sums-0.3.0.0/ghc-7.4.2

Standard error:
Setup: Error: Could not find module: Data.Sums with any suffix: ["hi"] in the
search path: ["dist/build"]

ghc-pkg-7.4 ["list","--global","--package-conf=/home/massysett/anonymous-sums/sunlight-9097/db"] succeeded with exit code 0
Standard output:
/opt/ghc-7.4.2/lib/ghc-7.4.2/package.conf.d:
    Cabal-1.14.0
    array-0.4.0.0
    base-4.5.1.0
    bin-package-db-0.0.0.0
    binary-0.5.1.0
    bytestring-0.9.2.1
    containers-0.4.2.1
    deepseq-1.3.0.0
    directory-1.1.0.2
    extensible-exceptions-0.1.1.4
    filepath-1.3.0.0
    (ghc-7.4.2)
    ghc-prim-0.2.0.0
    (haskell2010-1.1.0.1)
    (haskell98-2.0.0.1)
    hoopl-3.8.7.3
    hpc-0.5.1.1
    integer-gmp-0.4.0.0
    old-locale-1.0.0.4
    old-time-1.1.0.0
    pretty-1.1.1.0
    process-1.1.0.1
    rts-1.0
    template-haskell-2.7.0.0
    time-1.4
    unix-2.5.1.1

/home/massysett/anonymous-sums/sunlight-9097/db:


Standard error:
<empty>

